[2025-09-05T11:57:04.556+0000] {manager.py:469} INFO - Processing files using up to 2 processes at a time 
[2025-09-05T11:57:04.558+0000] {manager.py:470} INFO - Process each file at most once every 30 seconds
[2025-09-05T11:57:04.561+0000] {manager.py:471} INFO - Checking for new files in /opt/airflow/dags every 300 seconds
[2025-09-05T11:57:04.563+0000] {manager.py:738} INFO - Searching for files in /opt/airflow/dags
[2025-09-05T11:57:04.590+0000] {manager.py:741} INFO - There are 1 files in /opt/airflow/dags
[2025-09-05T11:57:04.749+0000] {manager.py:879} INFO - 
================================================================================
DAG File Processing Stats

File Path                   PID  Runtime      # DAGs    # Errors  Last Runtime    Last Run
------------------------  -----  ---------  --------  ----------  --------------  ----------
/opt/airflow/dags/dag.py    198  0.04s             0           0
================================================================================
[2025-09-05T11:57:34.891+0000] {manager.py:879} INFO - 
================================================================================
DAG File Processing Stats

File Path                 PID    Runtime      # DAGs    # Errors  Last Runtime    Last Run
------------------------  -----  ---------  --------  ----------  --------------  -------------------
/opt/airflow/dags/dag.py                           1           0  0.33s           2025-09-05T11:57:05
================================================================================
[2025-09-05T11:58:05.011+0000] {manager.py:879} INFO - 
================================================================================
DAG File Processing Stats

File Path                 PID    Runtime      # DAGs    # Errors  Last Runtime    Last Run
------------------------  -----  ---------  --------  ----------  --------------  -------------------
/opt/airflow/dags/dag.py                           1           0  0.60s           2025-09-05T11:57:35
================================================================================
[2025-09-05T11:58:35.509+0000] {manager.py:879} INFO - 
================================================================================
DAG File Processing Stats

File Path                 PID    Runtime      # DAGs    # Errors  Last Runtime    Last Run
------------------------  -----  ---------  --------  ----------  --------------  -------------------
/opt/airflow/dags/dag.py                           1           0  0.35s           2025-09-05T11:58:06
================================================================================
[2025-09-05T11:59:05.733+0000] {manager.py:879} INFO - 
================================================================================
DAG File Processing Stats

File Path                 PID    Runtime      # DAGs    # Errors  Last Runtime    Last Run
------------------------  -----  ---------  --------  ----------  --------------  -------------------
/opt/airflow/dags/dag.py                           1           0  0.39s           2025-09-05T11:58:36
================================================================================
[2025-09-05T11:59:35.982+0000] {manager.py:879} INFO - 
================================================================================
DAG File Processing Stats

File Path                 PID    Runtime      # DAGs    # Errors  Last Runtime    Last Run
------------------------  -----  ---------  --------  ----------  --------------  -------------------
/opt/airflow/dags/dag.py                           1           0  0.67s           2025-09-05T11:59:08
================================================================================
[2025-09-05T12:00:06.185+0000] {manager.py:879} INFO - 
================================================================================
DAG File Processing Stats

File Path                 PID    Runtime      # DAGs    # Errors  Last Runtime    Last Run
------------------------  -----  ---------  --------  ----------  --------------  -------------------
/opt/airflow/dags/dag.py                           1           0  0.92s           2025-09-05T11:59:39
================================================================================
[2025-09-05T12:00:36.496+0000] {manager.py:879} INFO - 
================================================================================
DAG File Processing Stats

File Path                 PID    Runtime      # DAGs    # Errors  Last Runtime    Last Run
------------------------  -----  ---------  --------  ----------  --------------  -------------------
/opt/airflow/dags/dag.py                           1           0  0.41s           2025-09-05T12:00:09
================================================================================
[2025-09-05T12:01:06.698+0000] {manager.py:879} INFO - 
================================================================================
DAG File Processing Stats

File Path                 PID    Runtime      # DAGs    # Errors  Last Runtime    Last Run
------------------------  -----  ---------  --------  ----------  --------------  -------------------
/opt/airflow/dags/dag.py                           1           0  0.89s           2025-09-05T12:00:40
================================================================================
[2025-09-05T12:01:36.999+0000] {manager.py:879} INFO - 
================================================================================
DAG File Processing Stats

File Path                 PID    Runtime      # DAGs    # Errors  Last Runtime    Last Run
------------------------  -----  ---------  --------  ----------  --------------  -------------------
/opt/airflow/dags/dag.py                           1           0  0.34s           2025-09-05T12:01:11
================================================================================
[2025-09-05T12:02:05.513+0000] {manager.py:738} INFO - Searching for files in /opt/airflow/dags
[2025-09-05T12:02:05.540+0000] {manager.py:741} INFO - There are 1 files in /opt/airflow/dags
[2025-09-05T12:02:07.575+0000] {manager.py:879} INFO - 
================================================================================
DAG File Processing Stats

File Path                 PID    Runtime      # DAGs    # Errors  Last Runtime    Last Run
------------------------  -----  ---------  --------  ----------  --------------  -------------------
/opt/airflow/dags/dag.py                           1           0  0.44s           2025-09-05T12:01:41
================================================================================
[2025-09-05T12:02:37.652+0000] {manager.py:879} INFO - 
================================================================================
DAG File Processing Stats

File Path                 PID    Runtime      # DAGs    # Errors  Last Runtime    Last Run
------------------------  -----  ---------  --------  ----------  --------------  -------------------
/opt/airflow/dags/dag.py                           1           0  0.38s           2025-09-05T12:02:12
================================================================================
[2025-09-05T12:03:08.189+0000] {manager.py:879} INFO - 
================================================================================
DAG File Processing Stats

File Path                 PID    Runtime      # DAGs    # Errors  Last Runtime    Last Run
------------------------  -----  ---------  --------  ----------  --------------  -------------------
/opt/airflow/dags/dag.py                           1           0  0.35s           2025-09-05T12:02:43
================================================================================
[2025-09-05T12:03:38.741+0000] {manager.py:879} INFO - 
================================================================================
DAG File Processing Stats

File Path                 PID    Runtime      # DAGs    # Errors  Last Runtime    Last Run
------------------------  -----  ---------  --------  ----------  --------------  -------------------
/opt/airflow/dags/dag.py                           1           0  0.34s           2025-09-05T12:03:13
================================================================================
[2025-09-05T12:04:09.193+0000] {manager.py:879} INFO - 
================================================================================
DAG File Processing Stats

File Path                 PID    Runtime      # DAGs    # Errors  Last Runtime    Last Run
------------------------  -----  ---------  --------  ----------  --------------  -------------------
/opt/airflow/dags/dag.py                           1           0  0.37s           2025-09-05T12:03:44
================================================================================
[2025-09-05T12:04:39.813+0000] {manager.py:879} INFO - 
================================================================================
DAG File Processing Stats

File Path                 PID    Runtime      # DAGs    # Errors  Last Runtime    Last Run
------------------------  -----  ---------  --------  ----------  --------------  -------------------
/opt/airflow/dags/dag.py                           1           0  0.42s           2025-09-05T12:04:15
================================================================================
[2025-09-05T12:05:10.303+0000] {manager.py:879} INFO - 
================================================================================
DAG File Processing Stats

File Path                 PID    Runtime      # DAGs    # Errors  Last Runtime    Last Run
------------------------  -----  ---------  --------  ----------  --------------  -------------------
/opt/airflow/dags/dag.py                           1           0  0.39s           2025-09-05T12:04:45
================================================================================
[2025-09-05T12:05:40.946+0000] {manager.py:879} INFO - 
================================================================================
DAG File Processing Stats

File Path                 PID    Runtime      # DAGs    # Errors  Last Runtime    Last Run
------------------------  -----  ---------  --------  ----------  --------------  -------------------
/opt/airflow/dags/dag.py                           1           0  0.33s           2025-09-05T12:05:16
================================================================================
[2025-09-06T08:21:32.275+0000] {manager.py:469} INFO - Processing files using up to 2 processes at a time 
[2025-09-06T08:21:32.277+0000] {manager.py:470} INFO - Process each file at most once every 30 seconds
[2025-09-06T08:21:32.282+0000] {manager.py:471} INFO - Checking for new files in /opt/airflow/dags every 300 seconds
[2025-09-06T08:21:32.285+0000] {manager.py:738} INFO - Searching for files in /opt/airflow/dags
[2025-09-06T08:21:32.321+0000] {manager.py:741} INFO - There are 1 files in /opt/airflow/dags
[2025-09-06T08:21:32.563+0000] {manager.py:879} INFO - 
================================================================================
DAG File Processing Stats

File Path                   PID  Runtime      # DAGs    # Errors  Last Runtime    Last Run
------------------------  -----  ---------  --------  ----------  --------------  ----------
/opt/airflow/dags/dag.py    199  0.12s             0           0
================================================================================
[2025-09-06T08:22:02.733+0000] {manager.py:879} INFO - 
================================================================================
DAG File Processing Stats

File Path                 PID    Runtime      # DAGs    # Errors  Last Runtime    Last Run
------------------------  -----  ---------  --------  ----------  --------------  -------------------
/opt/airflow/dags/dag.py                           1           0  0.48s           2025-09-06T08:21:32
================================================================================
[2025-09-06T08:22:33.287+0000] {manager.py:879} INFO - 
================================================================================
DAG File Processing Stats

File Path                 PID    Runtime      # DAGs    # Errors  Last Runtime    Last Run
------------------------  -----  ---------  --------  ----------  --------------  -------------------
/opt/airflow/dags/dag.py                           1           0  0.49s           2025-09-06T08:22:03
================================================================================
[2025-09-06T08:23:03.920+0000] {manager.py:879} INFO - 
================================================================================
DAG File Processing Stats

File Path                 PID    Runtime      # DAGs    # Errors  Last Runtime    Last Run
------------------------  -----  ---------  --------  ----------  --------------  -------------------
/opt/airflow/dags/dag.py                           1           0  0.32s           2025-09-06T08:22:34
================================================================================
