[2025-09-05T11:57:04.733+0000] {processor.py:161} INFO - Started process (PID=198) to work on /opt/airflow/dags/dag.py
[2025-09-05T11:57:04.735+0000] {processor.py:830} INFO - Processing file /opt/airflow/dags/dag.py for tasks to queue
[2025-09-05T11:57:04.736+0000] {logging_mixin.py:188} INFO - [2025-09-05T11:57:04.736+0000] {dagbag.py:538} INFO - Filling up the DagBag from /opt/airflow/dags/dag.py
[2025-09-05T11:57:04.860+0000] {processor.py:840} INFO - DAG(s) 'reports_etl' retrieved from /opt/airflow/dags/dag.py
[2025-09-05T11:57:04.916+0000] {logging_mixin.py:188} INFO - [2025-09-05T11:57:04.916+0000] {dag.py:3036} INFO - Sync 1 DAGs
[2025-09-05T11:57:04.967+0000] {logging_mixin.py:188} INFO - [2025-09-05T11:57:04.967+0000] {dag.py:3823} INFO - Setting next_dagrun for reports_etl to 2025-09-05 10:00:00+00:00, run_after=2025-09-05 11:00:00+00:00
[2025-09-05T11:57:05.014+0000] {processor.py:183} INFO - Processing /opt/airflow/dags/dag.py took 0.284 seconds
[2025-09-05T11:57:35.234+0000] {processor.py:161} INFO - Started process (PID=214) to work on /opt/airflow/dags/dag.py
[2025-09-05T11:57:35.240+0000] {processor.py:830} INFO - Processing file /opt/airflow/dags/dag.py for tasks to queue
[2025-09-05T11:57:35.248+0000] {logging_mixin.py:188} INFO - [2025-09-05T11:57:35.247+0000] {dagbag.py:538} INFO - Filling up the DagBag from /opt/airflow/dags/dag.py
[2025-09-05T11:57:35.477+0000] {processor.py:840} INFO - DAG(s) 'reports_etl' retrieved from /opt/airflow/dags/dag.py
[2025-09-05T11:57:35.665+0000] {logging_mixin.py:188} INFO - [2025-09-05T11:57:35.665+0000] {dag.py:3036} INFO - Sync 1 DAGs
[2025-09-05T11:57:35.719+0000] {logging_mixin.py:188} INFO - [2025-09-05T11:57:35.719+0000] {dag.py:3823} INFO - Setting next_dagrun for reports_etl to 2025-09-05 10:00:00+00:00, run_after=2025-09-05 11:00:00+00:00
[2025-09-05T11:57:35.762+0000] {processor.py:183} INFO - Processing /opt/airflow/dags/dag.py took 0.534 seconds
[2025-09-05T11:58:06.075+0000] {processor.py:161} INFO - Started process (PID=224) to work on /opt/airflow/dags/dag.py
[2025-09-05T11:58:06.077+0000] {processor.py:830} INFO - Processing file /opt/airflow/dags/dag.py for tasks to queue
[2025-09-05T11:58:06.079+0000] {logging_mixin.py:188} INFO - [2025-09-05T11:58:06.078+0000] {dagbag.py:538} INFO - Filling up the DagBag from /opt/airflow/dags/dag.py
[2025-09-05T11:58:06.211+0000] {processor.py:840} INFO - DAG(s) 'reports_etl' retrieved from /opt/airflow/dags/dag.py
[2025-09-05T11:58:06.278+0000] {logging_mixin.py:188} INFO - [2025-09-05T11:58:06.278+0000] {dag.py:3036} INFO - Sync 1 DAGs
[2025-09-05T11:58:06.340+0000] {logging_mixin.py:188} INFO - [2025-09-05T11:58:06.340+0000] {dag.py:3823} INFO - Setting next_dagrun for reports_etl to 2025-09-05 11:00:00+00:00, run_after=2025-09-05 12:00:00+00:00
[2025-09-05T11:58:06.379+0000] {processor.py:183} INFO - Processing /opt/airflow/dags/dag.py took 0.308 seconds
[2025-09-05T11:58:36.583+0000] {processor.py:161} INFO - Started process (PID=229) to work on /opt/airflow/dags/dag.py
[2025-09-05T11:58:36.585+0000] {processor.py:830} INFO - Processing file /opt/airflow/dags/dag.py for tasks to queue
[2025-09-05T11:58:36.588+0000] {logging_mixin.py:188} INFO - [2025-09-05T11:58:36.587+0000] {dagbag.py:538} INFO - Filling up the DagBag from /opt/airflow/dags/dag.py
[2025-09-05T11:58:36.694+0000] {processor.py:840} INFO - DAG(s) 'reports_etl' retrieved from /opt/airflow/dags/dag.py
[2025-09-05T11:58:36.744+0000] {logging_mixin.py:188} INFO - [2025-09-05T11:58:36.744+0000] {dag.py:3036} INFO - Sync 1 DAGs
[2025-09-05T11:58:36.845+0000] {logging_mixin.py:188} INFO - [2025-09-05T11:58:36.844+0000] {dag.py:3823} INFO - Setting next_dagrun for reports_etl to 2025-09-05 11:00:00+00:00, run_after=2025-09-05 12:00:00+00:00
[2025-09-05T11:58:36.904+0000] {processor.py:183} INFO - Processing /opt/airflow/dags/dag.py took 0.324 seconds
[2025-09-05T11:59:07.535+0000] {processor.py:161} INFO - Started process (PID=234) to work on /opt/airflow/dags/dag.py
[2025-09-05T11:59:07.543+0000] {processor.py:830} INFO - Processing file /opt/airflow/dags/dag.py for tasks to queue
[2025-09-05T11:59:07.551+0000] {logging_mixin.py:188} INFO - [2025-09-05T11:59:07.550+0000] {dagbag.py:538} INFO - Filling up the DagBag from /opt/airflow/dags/dag.py
[2025-09-05T11:59:07.730+0000] {processor.py:840} INFO - DAG(s) 'reports_etl' retrieved from /opt/airflow/dags/dag.py
[2025-09-05T11:59:07.882+0000] {logging_mixin.py:188} INFO - [2025-09-05T11:59:07.882+0000] {dag.py:3036} INFO - Sync 1 DAGs
[2025-09-05T11:59:08.008+0000] {logging_mixin.py:188} INFO - [2025-09-05T11:59:08.007+0000] {dag.py:3823} INFO - Setting next_dagrun for reports_etl to 2025-09-05 11:00:00+00:00, run_after=2025-09-05 12:00:00+00:00
[2025-09-05T11:59:08.096+0000] {processor.py:183} INFO - Processing /opt/airflow/dags/dag.py took 0.569 seconds
[2025-09-05T11:59:38.331+0000] {processor.py:161} INFO - Started process (PID=239) to work on /opt/airflow/dags/dag.py
[2025-09-05T11:59:38.335+0000] {processor.py:830} INFO - Processing file /opt/airflow/dags/dag.py for tasks to queue
[2025-09-05T11:59:38.342+0000] {logging_mixin.py:188} INFO - [2025-09-05T11:59:38.341+0000] {dagbag.py:538} INFO - Filling up the DagBag from /opt/airflow/dags/dag.py
[2025-09-05T11:59:38.704+0000] {processor.py:840} INFO - DAG(s) 'reports_etl' retrieved from /opt/airflow/dags/dag.py
[2025-09-05T11:59:38.803+0000] {logging_mixin.py:188} INFO - [2025-09-05T11:59:38.803+0000] {dag.py:3036} INFO - Sync 1 DAGs
[2025-09-05T11:59:38.894+0000] {logging_mixin.py:188} INFO - [2025-09-05T11:59:38.894+0000] {dag.py:3823} INFO - Setting next_dagrun for reports_etl to 2025-09-05 11:00:00+00:00, run_after=2025-09-05 12:00:00+00:00
[2025-09-05T11:59:39.013+0000] {processor.py:183} INFO - Processing /opt/airflow/dags/dag.py took 0.688 seconds
[2025-09-05T12:00:09.288+0000] {processor.py:161} INFO - Started process (PID=246) to work on /opt/airflow/dags/dag.py
[2025-09-05T12:00:09.292+0000] {processor.py:830} INFO - Processing file /opt/airflow/dags/dag.py for tasks to queue
[2025-09-05T12:00:09.295+0000] {logging_mixin.py:188} INFO - [2025-09-05T12:00:09.295+0000] {dagbag.py:538} INFO - Filling up the DagBag from /opt/airflow/dags/dag.py
[2025-09-05T12:00:09.432+0000] {processor.py:840} INFO - DAG(s) 'reports_etl' retrieved from /opt/airflow/dags/dag.py
[2025-09-05T12:00:09.534+0000] {logging_mixin.py:188} INFO - [2025-09-05T12:00:09.534+0000] {dag.py:3036} INFO - Sync 1 DAGs
[2025-09-05T12:00:09.606+0000] {logging_mixin.py:188} INFO - [2025-09-05T12:00:09.606+0000] {dag.py:3823} INFO - Setting next_dagrun for reports_etl to 2025-09-05 12:00:00+00:00, run_after=2025-09-05 13:00:00+00:00
[2025-09-05T12:00:09.640+0000] {processor.py:183} INFO - Processing /opt/airflow/dags/dag.py took 0.358 seconds
[2025-09-05T12:00:39.884+0000] {processor.py:161} INFO - Started process (PID=251) to work on /opt/airflow/dags/dag.py
[2025-09-05T12:00:39.896+0000] {processor.py:830} INFO - Processing file /opt/airflow/dags/dag.py for tasks to queue
[2025-09-05T12:00:39.911+0000] {logging_mixin.py:188} INFO - [2025-09-05T12:00:39.910+0000] {dagbag.py:538} INFO - Filling up the DagBag from /opt/airflow/dags/dag.py
[2025-09-05T12:00:40.392+0000] {processor.py:840} INFO - DAG(s) 'reports_etl' retrieved from /opt/airflow/dags/dag.py
[2025-09-05T12:00:40.508+0000] {logging_mixin.py:188} INFO - [2025-09-05T12:00:40.508+0000] {dag.py:3036} INFO - Sync 1 DAGs
[2025-09-05T12:00:40.586+0000] {logging_mixin.py:188} INFO - [2025-09-05T12:00:40.586+0000] {dag.py:3823} INFO - Setting next_dagrun for reports_etl to 2025-09-05 12:00:00+00:00, run_after=2025-09-05 13:00:00+00:00
[2025-09-05T12:00:40.656+0000] {processor.py:183} INFO - Processing /opt/airflow/dags/dag.py took 0.810 seconds
[2025-09-05T12:01:10.871+0000] {processor.py:161} INFO - Started process (PID=256) to work on /opt/airflow/dags/dag.py
[2025-09-05T12:01:10.874+0000] {processor.py:830} INFO - Processing file /opt/airflow/dags/dag.py for tasks to queue
[2025-09-05T12:01:10.876+0000] {logging_mixin.py:188} INFO - [2025-09-05T12:01:10.876+0000] {dagbag.py:538} INFO - Filling up the DagBag from /opt/airflow/dags/dag.py
[2025-09-05T12:01:10.997+0000] {processor.py:840} INFO - DAG(s) 'reports_etl' retrieved from /opt/airflow/dags/dag.py
[2025-09-05T12:01:11.058+0000] {logging_mixin.py:188} INFO - [2025-09-05T12:01:11.058+0000] {dag.py:3036} INFO - Sync 1 DAGs
[2025-09-05T12:01:11.104+0000] {logging_mixin.py:188} INFO - [2025-09-05T12:01:11.104+0000] {dag.py:3823} INFO - Setting next_dagrun for reports_etl to 2025-09-05 12:00:00+00:00, run_after=2025-09-05 13:00:00+00:00
[2025-09-05T12:01:11.142+0000] {processor.py:183} INFO - Processing /opt/airflow/dags/dag.py took 0.277 seconds
[2025-09-05T12:01:41.400+0000] {processor.py:161} INFO - Started process (PID=261) to work on /opt/airflow/dags/dag.py
[2025-09-05T12:01:41.407+0000] {processor.py:830} INFO - Processing file /opt/airflow/dags/dag.py for tasks to queue
[2025-09-05T12:01:41.410+0000] {logging_mixin.py:188} INFO - [2025-09-05T12:01:41.409+0000] {dagbag.py:538} INFO - Filling up the DagBag from /opt/airflow/dags/dag.py
[2025-09-05T12:01:41.560+0000] {processor.py:840} INFO - DAG(s) 'reports_etl' retrieved from /opt/airflow/dags/dag.py
[2025-09-05T12:01:41.623+0000] {logging_mixin.py:188} INFO - [2025-09-05T12:01:41.623+0000] {dag.py:3036} INFO - Sync 1 DAGs
[2025-09-05T12:01:41.702+0000] {logging_mixin.py:188} INFO - [2025-09-05T12:01:41.702+0000] {dag.py:3823} INFO - Setting next_dagrun for reports_etl to 2025-09-05 12:00:00+00:00, run_after=2025-09-05 13:00:00+00:00
[2025-09-05T12:01:41.770+0000] {processor.py:183} INFO - Processing /opt/airflow/dags/dag.py took 0.376 seconds
[2025-09-05T12:02:12.654+0000] {processor.py:161} INFO - Started process (PID=266) to work on /opt/airflow/dags/dag.py
[2025-09-05T12:02:12.658+0000] {processor.py:830} INFO - Processing file /opt/airflow/dags/dag.py for tasks to queue
[2025-09-05T12:02:12.660+0000] {logging_mixin.py:188} INFO - [2025-09-05T12:02:12.659+0000] {dagbag.py:538} INFO - Filling up the DagBag from /opt/airflow/dags/dag.py
[2025-09-05T12:02:12.777+0000] {processor.py:840} INFO - DAG(s) 'reports_etl' retrieved from /opt/airflow/dags/dag.py
[2025-09-05T12:02:12.844+0000] {logging_mixin.py:188} INFO - [2025-09-05T12:02:12.844+0000] {dag.py:3036} INFO - Sync 1 DAGs
[2025-09-05T12:02:12.952+0000] {logging_mixin.py:188} INFO - [2025-09-05T12:02:12.952+0000] {dag.py:3823} INFO - Setting next_dagrun for reports_etl to 2025-09-05 12:00:00+00:00, run_after=2025-09-05 13:00:00+00:00
[2025-09-05T12:02:12.984+0000] {processor.py:183} INFO - Processing /opt/airflow/dags/dag.py took 0.334 seconds
[2025-09-05T12:02:43.075+0000] {processor.py:161} INFO - Started process (PID=271) to work on /opt/airflow/dags/dag.py
[2025-09-05T12:02:43.080+0000] {processor.py:830} INFO - Processing file /opt/airflow/dags/dag.py for tasks to queue
[2025-09-05T12:02:43.082+0000] {logging_mixin.py:188} INFO - [2025-09-05T12:02:43.082+0000] {dagbag.py:538} INFO - Filling up the DagBag from /opt/airflow/dags/dag.py
[2025-09-05T12:02:43.214+0000] {processor.py:840} INFO - DAG(s) 'reports_etl' retrieved from /opt/airflow/dags/dag.py
[2025-09-05T12:02:43.275+0000] {logging_mixin.py:188} INFO - [2025-09-05T12:02:43.275+0000] {dag.py:3036} INFO - Sync 1 DAGs
[2025-09-05T12:02:43.323+0000] {logging_mixin.py:188} INFO - [2025-09-05T12:02:43.323+0000] {dag.py:3823} INFO - Setting next_dagrun for reports_etl to 2025-09-05 12:00:00+00:00, run_after=2025-09-05 13:00:00+00:00
[2025-09-05T12:02:43.371+0000] {processor.py:183} INFO - Processing /opt/airflow/dags/dag.py took 0.300 seconds
[2025-09-05T12:03:13.586+0000] {processor.py:161} INFO - Started process (PID=280) to work on /opt/airflow/dags/dag.py
[2025-09-05T12:03:13.588+0000] {processor.py:830} INFO - Processing file /opt/airflow/dags/dag.py for tasks to queue
[2025-09-05T12:03:13.590+0000] {logging_mixin.py:188} INFO - [2025-09-05T12:03:13.590+0000] {dagbag.py:538} INFO - Filling up the DagBag from /opt/airflow/dags/dag.py
[2025-09-05T12:03:13.705+0000] {processor.py:840} INFO - DAG(s) 'reports_etl' retrieved from /opt/airflow/dags/dag.py
[2025-09-05T12:03:13.769+0000] {logging_mixin.py:188} INFO - [2025-09-05T12:03:13.769+0000] {dag.py:3036} INFO - Sync 1 DAGs
[2025-09-05T12:03:13.820+0000] {logging_mixin.py:188} INFO - [2025-09-05T12:03:13.820+0000] {dag.py:3823} INFO - Setting next_dagrun for reports_etl to 2025-09-05 12:00:00+00:00, run_after=2025-09-05 13:00:00+00:00
[2025-09-05T12:03:13.867+0000] {processor.py:183} INFO - Processing /opt/airflow/dags/dag.py took 0.291 seconds
[2025-09-05T12:03:44.106+0000] {processor.py:161} INFO - Started process (PID=285) to work on /opt/airflow/dags/dag.py
[2025-09-05T12:03:44.109+0000] {processor.py:830} INFO - Processing file /opt/airflow/dags/dag.py for tasks to queue
[2025-09-05T12:03:44.112+0000] {logging_mixin.py:188} INFO - [2025-09-05T12:03:44.112+0000] {dagbag.py:538} INFO - Filling up the DagBag from /opt/airflow/dags/dag.py
[2025-09-05T12:03:44.236+0000] {processor.py:840} INFO - DAG(s) 'reports_etl' retrieved from /opt/airflow/dags/dag.py
[2025-09-05T12:03:44.300+0000] {logging_mixin.py:188} INFO - [2025-09-05T12:03:44.300+0000] {dag.py:3036} INFO - Sync 1 DAGs
[2025-09-05T12:03:44.375+0000] {logging_mixin.py:188} INFO - [2025-09-05T12:03:44.375+0000] {dag.py:3823} INFO - Setting next_dagrun for reports_etl to 2025-09-05 12:00:00+00:00, run_after=2025-09-05 13:00:00+00:00
[2025-09-05T12:03:44.415+0000] {processor.py:183} INFO - Processing /opt/airflow/dags/dag.py took 0.315 seconds
[2025-09-05T12:04:14.729+0000] {processor.py:161} INFO - Started process (PID=290) to work on /opt/airflow/dags/dag.py
[2025-09-05T12:04:14.735+0000] {processor.py:830} INFO - Processing file /opt/airflow/dags/dag.py for tasks to queue
[2025-09-05T12:04:14.739+0000] {logging_mixin.py:188} INFO - [2025-09-05T12:04:14.739+0000] {dagbag.py:538} INFO - Filling up the DagBag from /opt/airflow/dags/dag.py
[2025-09-05T12:04:14.894+0000] {processor.py:840} INFO - DAG(s) 'reports_etl' retrieved from /opt/airflow/dags/dag.py
[2025-09-05T12:04:14.951+0000] {logging_mixin.py:188} INFO - [2025-09-05T12:04:14.951+0000] {dag.py:3036} INFO - Sync 1 DAGs
[2025-09-05T12:04:14.995+0000] {logging_mixin.py:188} INFO - [2025-09-05T12:04:14.995+0000] {dag.py:3823} INFO - Setting next_dagrun for reports_etl to 2025-09-05 12:00:00+00:00, run_after=2025-09-05 13:00:00+00:00
[2025-09-05T12:04:15.032+0000] {processor.py:183} INFO - Processing /opt/airflow/dags/dag.py took 0.318 seconds
[2025-09-05T12:04:45.232+0000] {processor.py:161} INFO - Started process (PID=295) to work on /opt/airflow/dags/dag.py
[2025-09-05T12:04:45.235+0000] {processor.py:830} INFO - Processing file /opt/airflow/dags/dag.py for tasks to queue
[2025-09-05T12:04:45.238+0000] {logging_mixin.py:188} INFO - [2025-09-05T12:04:45.237+0000] {dagbag.py:538} INFO - Filling up the DagBag from /opt/airflow/dags/dag.py
[2025-09-05T12:04:45.375+0000] {processor.py:840} INFO - DAG(s) 'reports_etl' retrieved from /opt/airflow/dags/dag.py
[2025-09-05T12:04:45.450+0000] {logging_mixin.py:188} INFO - [2025-09-05T12:04:45.450+0000] {dag.py:3036} INFO - Sync 1 DAGs
[2025-09-05T12:04:45.508+0000] {logging_mixin.py:188} INFO - [2025-09-05T12:04:45.508+0000] {dag.py:3823} INFO - Setting next_dagrun for reports_etl to 2025-09-05 12:00:00+00:00, run_after=2025-09-05 13:00:00+00:00
[2025-09-05T12:04:45.557+0000] {processor.py:183} INFO - Processing /opt/airflow/dags/dag.py took 0.332 seconds
[2025-09-05T12:05:15.803+0000] {processor.py:161} INFO - Started process (PID=302) to work on /opt/airflow/dags/dag.py
[2025-09-05T12:05:15.806+0000] {processor.py:830} INFO - Processing file /opt/airflow/dags/dag.py for tasks to queue
[2025-09-05T12:05:15.808+0000] {logging_mixin.py:188} INFO - [2025-09-05T12:05:15.808+0000] {dagbag.py:538} INFO - Filling up the DagBag from /opt/airflow/dags/dag.py
[2025-09-05T12:05:15.931+0000] {processor.py:840} INFO - DAG(s) 'reports_etl' retrieved from /opt/airflow/dags/dag.py
[2025-09-05T12:05:15.996+0000] {logging_mixin.py:188} INFO - [2025-09-05T12:05:15.995+0000] {dag.py:3036} INFO - Sync 1 DAGs
[2025-09-05T12:05:16.042+0000] {logging_mixin.py:188} INFO - [2025-09-05T12:05:16.042+0000] {dag.py:3823} INFO - Setting next_dagrun for reports_etl to 2025-09-05 12:00:00+00:00, run_after=2025-09-05 13:00:00+00:00
[2025-09-05T12:05:16.079+0000] {processor.py:183} INFO - Processing /opt/airflow/dags/dag.py took 0.281 seconds
[2025-09-05T12:05:46.374+0000] {processor.py:161} INFO - Started process (PID=307) to work on /opt/airflow/dags/dag.py
[2025-09-05T12:05:46.379+0000] {processor.py:830} INFO - Processing file /opt/airflow/dags/dag.py for tasks to queue
[2025-09-05T12:05:46.383+0000] {logging_mixin.py:188} INFO - [2025-09-05T12:05:46.382+0000] {dagbag.py:538} INFO - Filling up the DagBag from /opt/airflow/dags/dag.py
[2025-09-05T12:05:46.510+0000] {processor.py:840} INFO - DAG(s) 'reports_etl' retrieved from /opt/airflow/dags/dag.py
[2025-09-05T12:05:46.601+0000] {logging_mixin.py:188} INFO - [2025-09-05T12:05:46.601+0000] {dag.py:3036} INFO - Sync 1 DAGs
[2025-09-05T12:05:46.678+0000] {logging_mixin.py:188} INFO - [2025-09-05T12:05:46.678+0000] {dag.py:3823} INFO - Setting next_dagrun for reports_etl to 2025-09-05 12:00:00+00:00, run_after=2025-09-05 13:00:00+00:00
[2025-09-05T12:05:46.748+0000] {processor.py:183} INFO - Processing /opt/airflow/dags/dag.py took 0.387 seconds
[2025-09-05T12:05:50.393+0000] {processor.py:161} INFO - Started process (PID=312) to work on /opt/airflow/dags/dag.py
[2025-09-05T12:05:50.395+0000] {processor.py:830} INFO - Processing file /opt/airflow/dags/dag.py for tasks to queue
[2025-09-05T12:05:50.397+0000] {logging_mixin.py:188} INFO - [2025-09-05T12:05:50.396+0000] {dagbag.py:538} INFO - Filling up the DagBag from /opt/airflow/dags/dag.py
[2025-09-05T12:05:50.511+0000] {processor.py:840} INFO - DAG(s) 'reports_etl' retrieved from /opt/airflow/dags/dag.py
[2025-09-05T12:05:50.564+0000] {logging_mixin.py:188} INFO - [2025-09-05T12:05:50.564+0000] {dag.py:3036} INFO - Sync 1 DAGs
[2025-09-05T12:05:50.617+0000] {logging_mixin.py:188} INFO - [2025-09-05T12:05:50.617+0000] {dag.py:3823} INFO - Setting next_dagrun for reports_etl to 2025-09-05 12:00:00+00:00, run_after=2025-09-05 13:00:00+00:00
[2025-09-05T12:05:50.711+0000] {processor.py:183} INFO - Processing /opt/airflow/dags/dag.py took 0.322 seconds
