[2025-09-06T08:21:32.483+0000] {processor.py:161} INFO - Started process (PID=199) to work on /opt/airflow/dags/dag.py
[2025-09-06T08:21:32.493+0000] {processor.py:830} INFO - Processing file /opt/airflow/dags/dag.py for tasks to queue
[2025-09-06T08:21:32.510+0000] {logging_mixin.py:188} INFO - [2025-09-06T08:21:32.509+0000] {dagbag.py:538} INFO - Filling up the DagBag from /opt/airflow/dags/dag.py
[2025-09-06T08:21:32.696+0000] {processor.py:840} INFO - DAG(s) 'reports_etl' retrieved from /opt/airflow/dags/dag.py
[2025-09-06T08:21:32.775+0000] {logging_mixin.py:188} INFO - [2025-09-06T08:21:32.775+0000] {dag.py:3036} INFO - Sync 1 DAGs
[2025-09-06T08:21:32.841+0000] {logging_mixin.py:188} INFO - [2025-09-06T08:21:32.841+0000] {dag.py:3823} INFO - Setting next_dagrun for reports_etl to 2025-09-06 08:00:00+00:00, run_after=2025-09-06 09:00:00+00:00
[2025-09-06T08:21:32.887+0000] {processor.py:183} INFO - Processing /opt/airflow/dags/dag.py took 0.410 seconds
[2025-09-06T08:22:03.134+0000] {processor.py:161} INFO - Started process (PID=222) to work on /opt/airflow/dags/dag.py
[2025-09-06T08:22:03.137+0000] {processor.py:830} INFO - Processing file /opt/airflow/dags/dag.py for tasks to queue
[2025-09-06T08:22:03.139+0000] {logging_mixin.py:188} INFO - [2025-09-06T08:22:03.139+0000] {dagbag.py:538} INFO - Filling up the DagBag from /opt/airflow/dags/dag.py
[2025-09-06T08:22:03.253+0000] {processor.py:840} INFO - DAG(s) 'reports_etl' retrieved from /opt/airflow/dags/dag.py
[2025-09-06T08:22:03.411+0000] {logging_mixin.py:188} INFO - [2025-09-06T08:22:03.411+0000] {dag.py:3036} INFO - Sync 1 DAGs
[2025-09-06T08:22:03.487+0000] {logging_mixin.py:188} INFO - [2025-09-06T08:22:03.487+0000] {dag.py:3823} INFO - Setting next_dagrun for reports_etl to 2025-09-06 08:00:00+00:00, run_after=2025-09-06 09:00:00+00:00
[2025-09-06T08:22:03.574+0000] {processor.py:183} INFO - Processing /opt/airflow/dags/dag.py took 0.444 seconds
[2025-09-06T08:22:33.786+0000] {processor.py:161} INFO - Started process (PID=227) to work on /opt/airflow/dags/dag.py
[2025-09-06T08:22:33.788+0000] {processor.py:830} INFO - Processing file /opt/airflow/dags/dag.py for tasks to queue
[2025-09-06T08:22:33.790+0000] {logging_mixin.py:188} INFO - [2025-09-06T08:22:33.789+0000] {dagbag.py:538} INFO - Filling up the DagBag from /opt/airflow/dags/dag.py
[2025-09-06T08:22:33.906+0000] {processor.py:840} INFO - DAG(s) 'reports_etl' retrieved from /opt/airflow/dags/dag.py
[2025-09-06T08:22:33.968+0000] {logging_mixin.py:188} INFO - [2025-09-06T08:22:33.968+0000] {dag.py:3036} INFO - Sync 1 DAGs
[2025-09-06T08:22:34.021+0000] {logging_mixin.py:188} INFO - [2025-09-06T08:22:34.021+0000] {dag.py:3823} INFO - Setting next_dagrun for reports_etl to 2025-09-06 08:00:00+00:00, run_after=2025-09-06 09:00:00+00:00
[2025-09-06T08:22:34.052+0000] {processor.py:183} INFO - Processing /opt/airflow/dags/dag.py took 0.271 seconds
[2025-09-06T08:23:04.251+0000] {processor.py:161} INFO - Started process (PID=232) to work on /opt/airflow/dags/dag.py
[2025-09-06T08:23:04.254+0000] {processor.py:830} INFO - Processing file /opt/airflow/dags/dag.py for tasks to queue
[2025-09-06T08:23:04.256+0000] {logging_mixin.py:188} INFO - [2025-09-06T08:23:04.255+0000] {dagbag.py:538} INFO - Filling up the DagBag from /opt/airflow/dags/dag.py
[2025-09-06T08:23:04.371+0000] {processor.py:840} INFO - DAG(s) 'reports_etl' retrieved from /opt/airflow/dags/dag.py
[2025-09-06T08:23:04.454+0000] {logging_mixin.py:188} INFO - [2025-09-06T08:23:04.454+0000] {dag.py:3036} INFO - Sync 1 DAGs
[2025-09-06T08:23:04.519+0000] {logging_mixin.py:188} INFO - [2025-09-06T08:23:04.518+0000] {dag.py:3823} INFO - Setting next_dagrun for reports_etl to 2025-09-06 08:00:00+00:00, run_after=2025-09-06 09:00:00+00:00
[2025-09-06T08:23:04.582+0000] {processor.py:183} INFO - Processing /opt/airflow/dags/dag.py took 0.335 seconds
