[2025-09-05T11:57:57.322+0000] {taskinstance.py:1956} INFO - Dependencies all met for dep_context=non-requeueable deps ti=<TaskInstance: reports_etl.extract_crm_to_clickhouse manual__2025-09-05T11:57:55.208123+00:00 [queued]>
[2025-09-05T11:57:57.353+0000] {taskinstance.py:1956} INFO - Dependencies all met for dep_context=requeueable deps ti=<TaskInstance: reports_etl.extract_crm_to_clickhouse manual__2025-09-05T11:57:55.208123+00:00 [queued]>
[2025-09-05T11:57:57.355+0000] {taskinstance.py:2170} INFO - Starting attempt 1 of 2
[2025-09-05T11:57:57.379+0000] {taskinstance.py:2191} INFO - Executing <Task(PythonOperator): extract_crm_to_clickhouse> on 2025-09-05 11:57:55.208123+00:00
[2025-09-05T11:57:57.389+0000] {standard_task_runner.py:60} INFO - Started process 222 to run task
[2025-09-05T11:57:57.394+0000] {standard_task_runner.py:87} INFO - Running: ['***', 'tasks', 'run', 'reports_etl', 'extract_crm_to_clickhouse', 'manual__2025-09-05T11:57:55.208123+00:00', '--job-id', '2', '--raw', '--subdir', 'DAGS_FOLDER/dag.py', '--cfg-path', '/tmp/tmpbqqqpu49']
[2025-09-05T11:57:57.399+0000] {standard_task_runner.py:88} INFO - Job 2: Subtask extract_crm_to_clickhouse
[2025-09-05T11:57:57.458+0000] {logging_mixin.py:188} WARNING - /home/***/.local/lib/python3.8/site-packages/***/settings.py:194 DeprecationWarning: The sql_alchemy_conn option in [core] has been moved to the sql_alchemy_conn option in [database] - the old setting has been used, but please update your config.
[2025-09-05T11:57:57.610+0000] {task_command.py:423} INFO - Running <TaskInstance: reports_etl.extract_crm_to_clickhouse manual__2025-09-05T11:57:55.208123+00:00 [running]> on host 837ba2edb9ef
[2025-09-05T11:57:57.941+0000] {taskinstance.py:2480} INFO - Exporting env vars: AIRFLOW_CTX_DAG_OWNER='data-eng' AIRFLOW_CTX_DAG_ID='reports_etl' AIRFLOW_CTX_TASK_ID='extract_crm_to_clickhouse' AIRFLOW_CTX_EXECUTION_DATE='2025-09-05T11:57:55.208123+00:00' AIRFLOW_CTX_TRY_NUMBER='1' AIRFLOW_CTX_DAG_RUN_ID='manual__2025-09-05T11:57:55.208123+00:00'
[2025-09-05T11:57:58.050+0000] {taskinstance.py:2698} ERROR - Task failed with exception
Traceback (most recent call last):
  File "/home/airflow/.local/lib/python3.8/site-packages/airflow/models/taskinstance.py", line 433, in _execute_task
    result = execute_callable(context=context, **execute_callable_kwargs)
  File "/home/airflow/.local/lib/python3.8/site-packages/airflow/operators/python.py", line 199, in execute
    return_value = self.execute_callable()
  File "/home/airflow/.local/lib/python3.8/site-packages/airflow/operators/python.py", line 216, in execute_callable
    return self.python_callable(*self.op_args, **self.op_kwargs)
  File "/opt/airflow/dags/dag.py", line 67, in extract_crm_to_clickhouse
    rows = pg.get_records(query)
  File "/home/airflow/.local/lib/python3.8/site-packages/airflow/providers/common/sql/hooks/sql.py", line 261, in get_records
    return self.run(sql=sql, parameters=parameters, handler=fetch_all_handler)
  File "/home/airflow/.local/lib/python3.8/site-packages/airflow/providers/common/sql/hooks/sql.py", line 391, in run
    with closing(self.get_conn()) as conn:
  File "/home/airflow/.local/lib/python3.8/site-packages/airflow/providers/postgres/hooks/postgres.py", line 128, in get_conn
    conn = deepcopy(self.connection or self.get_connection(conn_id))
  File "/home/airflow/.local/lib/python3.8/site-packages/airflow/hooks/base.py", line 82, in get_connection
    conn = Connection.get_connection_from_secrets(conn_id)
  File "/home/airflow/.local/lib/python3.8/site-packages/airflow/models/connection.py", line 479, in get_connection_from_secrets
    raise AirflowNotFoundException(f"The conn_id `{conn_id}` isn't defined")
airflow.exceptions.AirflowNotFoundException: The conn_id `crm_postgres` isn't defined
[2025-09-05T11:57:58.060+0000] {taskinstance.py:1138} INFO - Marking task as UP_FOR_RETRY. dag_id=reports_etl, task_id=extract_crm_to_clickhouse, execution_date=20250905T115755, start_date=20250905T115757, end_date=20250905T115758
[2025-09-05T11:57:58.131+0000] {standard_task_runner.py:107} ERROR - Failed to execute job 2 for task extract_crm_to_clickhouse (The conn_id `crm_postgres` isn't defined; 222)
[2025-09-05T11:57:58.177+0000] {local_task_job_runner.py:234} INFO - Task exited with return code 1
[2025-09-05T11:57:58.256+0000] {taskinstance.py:3280} INFO - 0 downstream tasks scheduled from follow-on schedule check
